[0m[1mdocker_image.custom_image: Refreshing state... [id=sha256:a19086ba9c042c70ca4ab41b0f79730dd6e596d17cd42f25f4c9929293b49300myapp:1.0][0m
[0m[1mdocker_container.myapp_container: Refreshing state... [id=ece1f9551657c5d9fdc6d872523299397018fa11d9d07cb94e802c9a0213d540][0m

Terraform used the selected providers to generate the following execution
plan. Resource actions are indicated with the following symbols:
  [31m-[0m destroy[0m

Terraform will perform the following actions:

[1m  # docker_container.myapp_container[0m will be [1m[31mdestroyed[0m
[0m  [31m-[0m[0m resource "docker_container" "myapp_container" {
      [31m-[0m[0m attach            = false [90m-> null[0m[0m
      [31m-[0m[0m command           = [
          [31m-[0m[0m "node",
          [31m-[0m[0m "index.js",
        ] [90m-> null[0m[0m
      [31m-[0m[0m cpu_shares        = 0 [90m-> null[0m[0m
      [31m-[0m[0m dns               = [] [90m-> null[0m[0m
      [31m-[0m[0m dns_opts          = [] [90m-> null[0m[0m
      [31m-[0m[0m dns_search        = [] [90m-> null[0m[0m
      [31m-[0m[0m entrypoint        = [
          [31m-[0m[0m "docker-entrypoint.sh",
        ] [90m-> null[0m[0m
      [31m-[0m[0m env               = [
          [31m-[0m[0m "APP_ENV=development",
          [31m-[0m[0m "PORT=3000",
        ] [90m-> null[0m[0m
      [31m-[0m[0m gateway           = "172.17.0.1" [90m-> null[0m[0m
      [31m-[0m[0m group_add         = [] [90m-> null[0m[0m
      [31m-[0m[0m hostname          = "ece1f9551657" [90m-> null[0m[0m
      [31m-[0m[0m id                = "ece1f9551657c5d9fdc6d872523299397018fa11d9d07cb94e802c9a0213d540" [90m-> null[0m[0m
      [31m-[0m[0m image             = "sha256:a19086ba9c042c70ca4ab41b0f79730dd6e596d17cd42f25f4c9929293b49300" [90m-> null[0m[0m
      [31m-[0m[0m init              = false [90m-> null[0m[0m
      [31m-[0m[0m ip_address        = "172.17.0.2" [90m-> null[0m[0m
      [31m-[0m[0m ip_prefix_length  = 16 [90m-> null[0m[0m
      [31m-[0m[0m ipc_mode          = "private" [90m-> null[0m[0m
      [31m-[0m[0m links             = [] [90m-> null[0m[0m
      [31m-[0m[0m log_driver        = "json-file" [90m-> null[0m[0m
      [31m-[0m[0m log_opts          = {} [90m-> null[0m[0m
      [31m-[0m[0m logs              = false [90m-> null[0m[0m
      [31m-[0m[0m max_retry_count   = 0 [90m-> null[0m[0m
      [31m-[0m[0m memory            = 0 [90m-> null[0m[0m
      [31m-[0m[0m memory_swap       = 0 [90m-> null[0m[0m
      [31m-[0m[0m must_run          = true [90m-> null[0m[0m
      [31m-[0m[0m name              = "terraform-myapp" [90m-> null[0m[0m
      [31m-[0m[0m network_data      = [
          [31m-[0m[0m {
              [31m-[0m[0m gateway                   = "172.17.0.1"
              [31m-[0m[0m global_ipv6_address       = ""
              [31m-[0m[0m global_ipv6_prefix_length = 0
              [31m-[0m[0m ip_address                = "172.17.0.2"
              [31m-[0m[0m ip_prefix_length          = 16
              [31m-[0m[0m ipv6_gateway              = ""
              [31m-[0m[0m network_name              = "bridge"
            },
        ] [90m-> null[0m[0m
      [31m-[0m[0m network_mode      = "bridge" [90m-> null[0m[0m
      [31m-[0m[0m privileged        = false [90m-> null[0m[0m
      [31m-[0m[0m publish_all_ports = false [90m-> null[0m[0m
      [31m-[0m[0m read_only         = false [90m-> null[0m[0m
      [31m-[0m[0m remove_volumes    = true [90m-> null[0m[0m
      [31m-[0m[0m restart           = "no" [90m-> null[0m[0m
      [31m-[0m[0m rm                = false [90m-> null[0m[0m
      [31m-[0m[0m runtime           = "runc" [90m-> null[0m[0m
      [31m-[0m[0m security_opts     = [] [90m-> null[0m[0m
      [31m-[0m[0m shm_size          = 64 [90m-> null[0m[0m
      [31m-[0m[0m start             = true [90m-> null[0m[0m
      [31m-[0m[0m stdin_open        = false [90m-> null[0m[0m
      [31m-[0m[0m stop_timeout      = 0 [90m-> null[0m[0m
      [31m-[0m[0m storage_opts      = {} [90m-> null[0m[0m
      [31m-[0m[0m sysctls           = {} [90m-> null[0m[0m
      [31m-[0m[0m tmpfs             = {} [90m-> null[0m[0m
      [31m-[0m[0m tty               = false [90m-> null[0m[0m
      [31m-[0m[0m working_dir       = "/app" [90m-> null[0m[0m

      [31m-[0m[0m ports {
          [31m-[0m[0m external = 3000 [90m-> null[0m[0m
          [31m-[0m[0m internal = 3000 [90m-> null[0m[0m
          [31m-[0m[0m ip       = "0.0.0.0" [90m-> null[0m[0m
          [31m-[0m[0m protocol = "tcp" [90m-> null[0m[0m
        }

      [31m-[0m[0m volumes {
          [31m-[0m[0m container_path = "/app/data" [90m-> null[0m[0m
          [31m-[0m[0m host_path      = "/home/ubuntu/terraform-docker-app/data" [90m-> null[0m[0m
          [31m-[0m[0m read_only      = false [90m-> null[0m[0m
        }
    }

[1m  # docker_image.custom_image[0m will be [1m[31mdestroyed[0m
[0m  [31m-[0m[0m resource "docker_image" "custom_image" {
      [31m-[0m[0m id     = "sha256:a19086ba9c042c70ca4ab41b0f79730dd6e596d17cd42f25f4c9929293b49300myapp:1.0" [90m-> null[0m[0m
      [31m-[0m[0m latest = "sha256:a19086ba9c042c70ca4ab41b0f79730dd6e596d17cd42f25f4c9929293b49300" [90m-> null[0m[0m
      [31m-[0m[0m name   = "myapp:1.0" [90m-> null[0m[0m
    }

[1mPlan:[0m 0 to add, 0 to change, 2 to destroy.
[0m[0m[1mdocker_container.myapp_container: Destroying... [id=ece1f9551657c5d9fdc6d872523299397018fa11d9d07cb94e802c9a0213d540][0m[0m
[0m[1mdocker_container.myapp_container: Destruction complete after 0s[0m
[0m[1mdocker_image.custom_image: Destroying... [id=sha256:a19086ba9c042c70ca4ab41b0f79730dd6e596d17cd42f25f4c9929293b49300myapp:1.0][0m[0m
[0m[1mdocker_image.custom_image: Destruction complete after 0s[0m
[0m[1m[32m
Destroy complete! Resources: 2 destroyed.
[0m